--------------------Moonraker Log Start--------------------
data_path: /home/mks/printer_data
is_default_data_path: False
config_file: /home/mks/printer_data/config/moonraker.conf
startup_warnings: []
verbose: False
debug: False
asyncio_debug: False
is_backup_config: False
is_python_package: False
log_file: /home/mks/printer_data/logs/moonraker.log
software_version: v0.8.0-23-g18f5ff4-dirty
python_version: 3.7.3 (default, Oct 31 2022, 14:04:00)  [GCC 8.3.0]

#################### Moonraker Configuration ####################

[server]
host = 0.0.0.0
port = 7125
klippy_uds_address = /home/mks/printer_data/comms/klippy.sock

[authorization]
trusted_clients = 
	10.0.0.0/8
	127.0.0.0/8
	169.254.0.0/16
	172.16.0.0/12
	192.168.0.0/16
	FE80::/10
	::1/128
cors_domains = 
	*.lan
	*.local
	*://localhost
	*://localhost:*
	*://my.mainsail.xyz
	*://app.fluidd.xyz

[octoprint_compat]

[history]

#################################################################
All Configuration Files:
/home/mks/printer_data/config/moonraker.conf
#################################################################
Unsafe Shutdown Count: 11

System Info:

***python***
  version: sys.version_info(major=3, minor=7, micro=3, releaselevel='final', serial=0)
  version_string: 3.7.3 (default, Oct 31 2022, 14:04:00)  [GCC 8.3.0]

***cpu_info***
  cpu_count: 4
  bits: 64bit
  processor: aarch64
  cpu_desc: 
  serial_number: 
  hardware_desc: 
  model: 
  total_memory: 999784
  memory_units: kB

***sd_info***

***distribution***
  name: Armbian 22.05.0-trunk Buster
  id: debian
  version: 10
  version_parts: {'major': '10', 'minor': '', 'build_number': ''}
  like: 
  codename: buster
  release_info: {'name': '# PLEASE DO NOT EDIT THIS FILE', 'id': 'armbian'}

***virtualization***
  virt_type: none
  virt_identifier: none

***network***

***canbus***

***Allowed Services***
  klipper_mcu
  webcamd
  MoonCord
  KlipperScreen
  moonraker-telegram-bot
  moonraker-obico
  sonar
  crowsnest
  octoeverywhere

Systemd unit moonraker.service:
unit_name: moonraker.service
is_default: True
manager: systemd
Properties:
**Requires=['system.slice', '-.mount', 'sysinit.target', 'network-online.target']
**After=['-.mount', 'systemd-journald.socket', 'basic.target', 'network-online.target', 'system.slice', 'sysinit.target']
**SupplementaryGroups=['moonraker-admin']
**EnvironmentFiles=/home/mks/printer_data/systemd/moonraker.env
**ExecStart=/home/mks/moonraker-env/bin/python $MOONRAKER_ARGS
**WorkingDirectory=/home/mks/moonraker
**FragmentPath=/etc/systemd/system/moonraker.service
**Description=API Server for Klipper SV1
**User=mks

Systemd unit klipper.service:
unit_name: klipper.service
is_default: True
manager: systemd
Properties:
**Requires=['sysinit.target', '-.mount', 'system.slice']
**After=['network-online.target', 'system.slice', 'systemd-journald.socket', 'basic.target', 'klipper-mcu.service', 'sysinit.target', '-.mount']
**SupplementaryGroups=[]
**EnvironmentFiles=/home/mks/printer_data/systemd/klipper.env
**ExecStart=/home/mks/klippy-env/bin/python $KLIPPER_ARGS
**WorkingDirectory=/home/mks/klipper
**FragmentPath=/etc/systemd/system/klipper.service
**Description=Klipper 3D Printer Firmware SV1
**User=mks
Klipper Version: v0.11.0-122-ge6ef48cd
2023-11-03 22:37:34,036 [klippy_connection.py:_request_initial_subscriptions()] - Webhooks Subscribed
2023-11-03 22:37:34,040 [klippy_connection.py:_request_initial_subscriptions()] - GCode Output Subscribed
2023-11-03 22:37:34,044 [klippy_connection.py:_check_ready()] - 
mcu 'mcu': Unable to connect
Once the underlying issue is corrected, use the
"FIRMWARE_RESTART" command to reset the firmware, reload the
config, and restart the host software.
Error configuring printer

2023-11-03 22:41:03,513 [authorization.py:_prune_conn_handler()] - Trusted Connection Expired, IP: 127.0.0.1
2023-11-03 22:42:13,492 [authorization.py:_check_trusted_connection()] - Trusted Connection Detected, IP: 192.168.39.162
2023-11-03 22:42:13,498 [app.py:log_request()] - 101 GET /websocket (192.168.39.162) [_TRUSTED_USER_] 13.62ms
2023-11-03 22:42:13,500 [websockets.py:open()] - Websocket Opened: ID: 281472832476944, Proxied: True, User Agent: Mozilla/5.0 (Windows NT 10.0; Win64; x64; rv:109.0) Gecko/20100101 Firefox/119.0, Host Name: 192.168.39.122
2023-11-03 22:42:13,541 [websockets.py:_handle_identify()] - Websocket 281472832476944 Client Identified - Name: mainsail, Version: 2.6.0, Type: web
2023-11-03 23:46:03,543 [authorization.py:_prune_conn_handler()] - Trusted Connection Expired, IP: 192.168.39.162
2023-11-03 23:58:27,390 [proc_stats.py:_watchdog_callback()] - EVENT LOOP BLOCKED: 7.19 seconds, total blocked count: 1
2023-11-03 23:58:27,591 [proc_stats.py:log_last_stats()] - 
System Time: 1699066697.376536, Usage: 1.13%, Memory: 33700 kB
System Time: 1699066698.380976, Usage: 2.21%, Memory: 32636 kB
System Time: 1699066699.381286, Usage: 1.45%, Memory: 30664 kB
System Time: 1699066700.381037, Usage: 1.74%, Memory: 30652 kB
System Time: 1699066701.381943, Usage: 1.3%, Memory: 30648 kB
